# Logfile created on 2014-08-10 15:04:48 -0400 by logger.rb/31641
D, [2014-08-10T15:04:48.076549 #7420] DEBUG -- : REQUESTING PAGE: GET / with {} and HTTP headers {}
D, [2014-08-10T15:04:56.953788 #9892] DEBUG -- : REQUESTING PAGE: GET / with {} and HTTP headers {}
D, [2014-08-10T15:05:10.790846 #4160] DEBUG -- : REQUESTING PAGE: GET / with {} and HTTP headers {}
D, [2014-08-10T15:05:19.209774 #11424] DEBUG -- : REQUESTING PAGE: GET / with {} and HTTP headers {}
D, [2014-08-10T15:05:27.591784 #8376] DEBUG -- : REQUESTING PAGE: GET / with {} and HTTP headers {}
D, [2014-08-10T15:05:36.363962 #8852] DEBUG -- : REQUESTING PAGE: GET / with {} and HTTP headers {}
D, [2014-08-10T15:05:44.731965 #8660] DEBUG -- : REQUESTING PAGE: GET / with {} and HTTP headers {}
D, [2014-08-10T15:06:05.954490 #11864] DEBUG -- : REQUESTING PAGE: GET / with {} and HTTP headers {}
D, [2014-08-10T15:06:14.331503 #3144] DEBUG -- : REQUESTING PAGE: GET / with {} and HTTP headers {}
D, [2014-08-10T15:06:22.722413 #10540] DEBUG -- : REQUESTING PAGE: GET / with {} and HTTP headers {}
D, [2014-08-10T15:06:30.928284 #4804] DEBUG -- : REQUESTING PAGE: GET / with {} and HTTP headers {}
D, [2014-08-10T15:06:39.498308 #9476] DEBUG -- : REQUESTING PAGE: GET / with {} and HTTP headers {}
D, [2014-08-10T15:06:47.693244 #11516] DEBUG -- : REQUESTING PAGE: GET / with {} and HTTP headers {}
D, [2014-08-10T15:06:47.786297 #11516] DEBUG -- : REQUESTING PAGE: GET /about with {} and HTTP headers {"HTTP_REFERER"=>"/"}
D, [2014-08-10T15:06:56.435735 #1424] DEBUG -- : REQUESTING PAGE: GET / with {} and HTTP headers {}
D, [2014-08-10T15:06:56.450746 #1424] DEBUG -- : REQUESTING PAGE: GET /about with {} and HTTP headers {"HTTP_REFERER"=>"/"}
D, [2014-08-10T15:07:04.896757 #6768] DEBUG -- : REQUESTING PAGE: GET / with {} and HTTP headers {}
D, [2014-08-10T15:07:04.911768 #6768] DEBUG -- : REQUESTING PAGE: GET /about with {} and HTTP headers {"HTTP_REFERER"=>"/"}
D, [2014-08-10T15:07:40.229753 #7420] DEBUG -- : REQUESTING PAGE: GET / with {} and HTTP headers {}
D, [2014-08-10T15:07:40.310794 #7420] DEBUG -- : REQUESTING PAGE: GET /about with {} and HTTP headers {"HTTP_REFERER"=>"/"}
D, [2014-08-10T15:07:49.170109 #9924] DEBUG -- : REQUESTING PAGE: GET / with {} and HTTP headers {}
D, [2014-08-10T15:07:49.185120 #9924] DEBUG -- : REQUESTING PAGE: GET /about with {} and HTTP headers {"HTTP_REFERER"=>"/"}
D, [2014-08-10T15:11:57.125268 #10660] DEBUG -- : REQUESTING PAGE: GET / with {} and HTTP headers {}
D, [2014-08-10T15:11:57.140277 #10660] DEBUG -- : REQUESTING PAGE: GET /about with {} and HTTP headers {"HTTP_REFERER"=>"/"}
D, [2014-08-10T15:11:57.155288 #10660] DEBUG -- : REQUESTING PAGE: GET /help with {} and HTTP headers {"HTTP_REFERER"=>"/about"}
D, [2014-08-10T15:11:57.188310 #10660] DEBUG -- : REQUESTING PAGE: GET /contact with {} and HTTP headers {"HTTP_REFERER"=>"/help"}
D, [2014-08-10T15:12:05.444146 #11404] DEBUG -- : REQUESTING PAGE: GET / with {} and HTTP headers {}
D, [2014-08-10T15:12:05.531187 #11404] DEBUG -- : REQUESTING PAGE: GET /about with {} and HTTP headers {"HTTP_REFERER"=>"/"}
D, [2014-08-10T15:12:05.548199 #11404] DEBUG -- : REQUESTING PAGE: GET /help with {} and HTTP headers {"HTTP_REFERER"=>"/about"}
D, [2014-08-10T15:12:05.565210 #11404] DEBUG -- : REQUESTING PAGE: GET /contact with {} and HTTP headers {"HTTP_REFERER"=>"/help"}
D, [2014-08-10T15:12:13.894076 #976] DEBUG -- : REQUESTING PAGE: GET / with {} and HTTP headers {}
D, [2014-08-10T15:12:13.975134 #976] DEBUG -- : REQUESTING PAGE: GET /about with {} and HTTP headers {"HTTP_REFERER"=>"/"}
D, [2014-08-10T15:12:13.991145 #976] DEBUG -- : REQUESTING PAGE: GET /help with {} and HTTP headers {"HTTP_REFERER"=>"/about"}
D, [2014-08-10T15:12:14.008157 #976] DEBUG -- : REQUESTING PAGE: GET /contact with {} and HTTP headers {"HTTP_REFERER"=>"/help"}
D, [2014-08-10T15:12:22.282997 #44] DEBUG -- : REQUESTING PAGE: GET / with {} and HTTP headers {}
D, [2014-08-10T15:12:22.369046 #44] DEBUG -- : REQUESTING PAGE: GET /about with {} and HTTP headers {"HTTP_REFERER"=>"/"}
D, [2014-08-10T15:12:22.386058 #44] DEBUG -- : REQUESTING PAGE: GET /help with {} and HTTP headers {"HTTP_REFERER"=>"/about"}
D, [2014-08-10T15:12:22.403069 #44] DEBUG -- : REQUESTING PAGE: GET /contact with {} and HTTP headers {"HTTP_REFERER"=>"/help"}
D, [2014-08-10T15:12:30.830004 #9056] DEBUG -- : REQUESTING PAGE: GET / with {} and HTTP headers {}
D, [2014-08-10T15:12:30.846016 #9056] DEBUG -- : REQUESTING PAGE: GET /about with {} and HTTP headers {"HTTP_REFERER"=>"/"}
D, [2014-08-10T15:12:30.862026 #9056] DEBUG -- : REQUESTING PAGE: GET /help with {} and HTTP headers {"HTTP_REFERER"=>"/about"}
D, [2014-08-10T15:12:30.878038 #9056] DEBUG -- : REQUESTING PAGE: GET /contact with {} and HTTP headers {"HTTP_REFERER"=>"/help"}
D, [2014-08-10T15:12:39.124846 #11524] DEBUG -- : REQUESTING PAGE: GET / with {} and HTTP headers {}
D, [2014-08-10T15:12:39.140856 #11524] DEBUG -- : REQUESTING PAGE: GET /about with {} and HTTP headers {"HTTP_REFERER"=>"/"}
D, [2014-08-10T15:12:39.158869 #11524] DEBUG -- : REQUESTING PAGE: GET /help with {} and HTTP headers {"HTTP_REFERER"=>"/about"}
D, [2014-08-10T15:12:39.194895 #11524] DEBUG -- : REQUESTING PAGE: GET /contact with {} and HTTP headers {"HTTP_REFERER"=>"/help"}
D, [2014-08-10T15:12:47.566791 #5216] DEBUG -- : REQUESTING PAGE: GET / with {} and HTTP headers {}
D, [2014-08-10T15:12:47.581801 #5216] DEBUG -- : REQUESTING PAGE: GET /about with {} and HTTP headers {"HTTP_REFERER"=>"/"}
D, [2014-08-10T15:12:47.597814 #5216] DEBUG -- : REQUESTING PAGE: GET /help with {} and HTTP headers {"HTTP_REFERER"=>"/about"}
D, [2014-08-10T15:12:47.632838 #5216] DEBUG -- : REQUESTING PAGE: GET /contact with {} and HTTP headers {"HTTP_REFERER"=>"/help"}
D, [2014-08-10T15:12:55.773604 #4128] DEBUG -- : REQUESTING PAGE: GET / with {} and HTTP headers {}
D, [2014-08-10T15:12:55.792617 #4128] DEBUG -- : REQUESTING PAGE: GET /about with {} and HTTP headers {"HTTP_REFERER"=>"/"}
D, [2014-08-10T15:12:55.809629 #4128] DEBUG -- : REQUESTING PAGE: GET /help with {} and HTTP headers {"HTTP_REFERER"=>"/about"}
D, [2014-08-10T15:12:55.846655 #4128] DEBUG -- : REQUESTING PAGE: GET /contact with {} and HTTP headers {"HTTP_REFERER"=>"/help"}
D, [2014-08-10T15:13:04.234562 #10912] DEBUG -- : REQUESTING PAGE: GET / with {} and HTTP headers {}
D, [2014-08-10T15:13:04.250575 #10912] DEBUG -- : REQUESTING PAGE: GET /about with {} and HTTP headers {"HTTP_REFERER"=>"/"}
D, [2014-08-10T15:13:04.267587 #10912] DEBUG -- : REQUESTING PAGE: GET /help with {} and HTTP headers {"HTTP_REFERER"=>"/about"}
D, [2014-08-10T15:13:04.304612 #10912] DEBUG -- : REQUESTING PAGE: GET /contact with {} and HTTP headers {"HTTP_REFERER"=>"/help"}
D, [2014-08-10T15:13:12.673507 #736] DEBUG -- : REQUESTING PAGE: GET / with {} and HTTP headers {}
D, [2014-08-10T15:13:12.709532 #736] DEBUG -- : REQUESTING PAGE: GET /about with {} and HTTP headers {"HTTP_REFERER"=>"/"}
D, [2014-08-10T15:13:12.725544 #736] DEBUG -- : REQUESTING PAGE: GET /help with {} and HTTP headers {"HTTP_REFERER"=>"/about"}
D, [2014-08-10T15:13:12.741555 #736] DEBUG -- : REQUESTING PAGE: GET /contact with {} and HTTP headers {"HTTP_REFERER"=>"/help"}
D, [2014-08-10T15:13:20.974374 #9928] DEBUG -- : REQUESTING PAGE: GET / with {} and HTTP headers {}
D, [2014-08-10T15:13:21.009399 #9928] DEBUG -- : REQUESTING PAGE: GET /about with {} and HTTP headers {"HTTP_REFERER"=>"/"}
D, [2014-08-10T15:13:21.025411 #9928] DEBUG -- : REQUESTING PAGE: GET /help with {} and HTTP headers {"HTTP_REFERER"=>"/about"}
D, [2014-08-10T15:13:21.043424 #9928] DEBUG -- : REQUESTING PAGE: GET /contact with {} and HTTP headers {"HTTP_REFERER"=>"/help"}
D, [2014-08-10T15:13:29.273219 #9708] DEBUG -- : REQUESTING PAGE: GET / with {} and HTTP headers {}
D, [2014-08-10T15:13:29.308243 #9708] DEBUG -- : REQUESTING PAGE: GET /about with {} and HTTP headers {"HTTP_REFERER"=>"/"}
D, [2014-08-10T15:13:29.324255 #9708] DEBUG -- : REQUESTING PAGE: GET /help with {} and HTTP headers {"HTTP_REFERER"=>"/about"}
D, [2014-08-10T15:13:29.341269 #9708] DEBUG -- : REQUESTING PAGE: GET /contact with {} and HTTP headers {"HTTP_REFERER"=>"/help"}
D, [2014-08-10T15:13:37.700154 #1160] DEBUG -- : REQUESTING PAGE: GET / with {} and HTTP headers {}
D, [2014-08-10T15:13:37.715165 #1160] DEBUG -- : REQUESTING PAGE: GET /about with {} and HTTP headers {"HTTP_REFERER"=>"/"}
D, [2014-08-10T15:13:37.730176 #1160] DEBUG -- : REQUESTING PAGE: GET /help with {} and HTTP headers {"HTTP_REFERER"=>"/about"}
D, [2014-08-10T15:13:37.763200 #1160] DEBUG -- : REQUESTING PAGE: GET /contact with {} and HTTP headers {"HTTP_REFERER"=>"/help"}
D, [2014-08-10T15:13:45.909951 #3692] DEBUG -- : REQUESTING PAGE: GET / with {} and HTTP headers {}
D, [2014-08-10T15:13:45.996996 #3692] DEBUG -- : REQUESTING PAGE: GET /about with {} and HTTP headers {"HTTP_REFERER"=>"/"}
D, [2014-08-10T15:13:46.014008 #3692] DEBUG -- : REQUESTING PAGE: GET /help with {} and HTTP headers {"HTTP_REFERER"=>"/about"}
D, [2014-08-10T15:13:46.032021 #3692] DEBUG -- : REQUESTING PAGE: GET /contact with {} and HTTP headers {"HTTP_REFERER"=>"/help"}
D, [2014-08-10T15:13:54.553022 #10152] DEBUG -- : REQUESTING PAGE: GET / with {} and HTTP headers {}
D, [2014-08-10T15:13:54.569033 #10152] DEBUG -- : REQUESTING PAGE: GET /about with {} and HTTP headers {"HTTP_REFERER"=>"/"}
D, [2014-08-10T15:13:54.585046 #10152] DEBUG -- : REQUESTING PAGE: GET /help with {} and HTTP headers {"HTTP_REFERER"=>"/about"}
D, [2014-08-10T15:13:54.620071 #10152] DEBUG -- : REQUESTING PAGE: GET /contact with {} and HTTP headers {"HTTP_REFERER"=>"/help"}
D, [2014-08-10T15:14:02.877898 #4968] DEBUG -- : REQUESTING PAGE: GET / with {} and HTTP headers {}
D, [2014-08-10T15:14:02.959943 #4968] DEBUG -- : REQUESTING PAGE: GET /about with {} and HTTP headers {"HTTP_REFERER"=>"/"}
D, [2014-08-10T15:14:02.977956 #4968] DEBUG -- : REQUESTING PAGE: GET /help with {} and HTTP headers {"HTTP_REFERER"=>"/about"}
D, [2014-08-10T15:14:02.994969 #4968] DEBUG -- : REQUESTING PAGE: GET /contact with {} and HTTP headers {"HTTP_REFERER"=>"/help"}
D, [2014-08-10T15:14:11.288810 #9600] DEBUG -- : REQUESTING PAGE: GET / with {} and HTTP headers {}
D, [2014-08-10T15:14:11.322834 #9600] DEBUG -- : REQUESTING PAGE: GET /about with {} and HTTP headers {"HTTP_REFERER"=>"/"}
D, [2014-08-10T15:14:11.338846 #9600] DEBUG -- : REQUESTING PAGE: GET /help with {} and HTTP headers {"HTTP_REFERER"=>"/about"}
D, [2014-08-10T15:14:11.355858 #9600] DEBUG -- : REQUESTING PAGE: GET /contact with {} and HTTP headers {"HTTP_REFERER"=>"/help"}
D, [2014-08-10T15:14:19.804806 #2320] DEBUG -- : REQUESTING PAGE: GET / with {} and HTTP headers {}
D, [2014-08-10T15:14:19.820818 #2320] DEBUG -- : REQUESTING PAGE: GET /about with {} and HTTP headers {"HTTP_REFERER"=>"/"}
D, [2014-08-10T15:14:19.836828 #2320] DEBUG -- : REQUESTING PAGE: GET /help with {} and HTTP headers {"HTTP_REFERER"=>"/about"}
D, [2014-08-10T15:14:19.871854 #2320] DEBUG -- : REQUESTING PAGE: GET /contact with {} and HTTP headers {"HTTP_REFERER"=>"/help"}
D, [2014-08-10T15:14:28.385851 #11068] DEBUG -- : REQUESTING PAGE: GET / with {} and HTTP headers {}
D, [2014-08-10T15:14:28.400860 #11068] DEBUG -- : REQUESTING PAGE: GET /about with {} and HTTP headers {"HTTP_REFERER"=>"/"}
D, [2014-08-10T15:14:28.417874 #11068] DEBUG -- : REQUESTING PAGE: GET /help with {} and HTTP headers {"HTTP_REFERER"=>"/about"}
D, [2014-08-10T15:14:28.435885 #11068] DEBUG -- : REQUESTING PAGE: GET /contact with {} and HTTP headers {"HTTP_REFERER"=>"/help"}
D, [2014-08-10T15:14:36.744737 #9648] DEBUG -- : REQUESTING PAGE: GET / with {} and HTTP headers {}
D, [2014-08-10T15:14:36.828797 #9648] DEBUG -- : REQUESTING PAGE: GET /about with {} and HTTP headers {"HTTP_REFERER"=>"/"}
D, [2014-08-10T15:14:36.845807 #9648] DEBUG -- : REQUESTING PAGE: GET /help with {} and HTTP headers {"HTTP_REFERER"=>"/about"}
D, [2014-08-10T15:14:36.863821 #9648] DEBUG -- : REQUESTING PAGE: GET /contact with {} and HTTP headers {"HTTP_REFERER"=>"/help"}
D, [2014-08-10T15:14:45.327782 #10464] DEBUG -- : REQUESTING PAGE: GET / with {} and HTTP headers {}
D, [2014-08-10T15:14:45.362807 #10464] DEBUG -- : REQUESTING PAGE: GET /about with {} and HTTP headers {"HTTP_REFERER"=>"/"}
D, [2014-08-10T15:14:45.379819 #10464] DEBUG -- : REQUESTING PAGE: GET /help with {} and HTTP headers {"HTTP_REFERER"=>"/about"}
D, [2014-08-10T15:14:45.397832 #10464] DEBUG -- : REQUESTING PAGE: GET /contact with {} and HTTP headers {"HTTP_REFERER"=>"/help"}
D, [2014-08-10T15:14:53.696675 #11144] DEBUG -- : REQUESTING PAGE: GET / with {} and HTTP headers {}
D, [2014-08-10T15:14:53.715688 #11144] DEBUG -- : REQUESTING PAGE: GET /about with {} and HTTP headers {"HTTP_REFERER"=>"/"}
D, [2014-08-10T15:14:53.738707 #11144] DEBUG -- : REQUESTING PAGE: GET /help with {} and HTTP headers {"HTTP_REFERER"=>"/about"}
D, [2014-08-10T15:14:53.756718 #11144] DEBUG -- : REQUESTING PAGE: GET /contact with {} and HTTP headers {"HTTP_REFERER"=>"/help"}
D, [2014-08-10T15:15:01.912475 #12204] DEBUG -- : REQUESTING PAGE: GET / with {} and HTTP headers {}
D, [2014-08-10T15:15:01.998523 #12204] DEBUG -- : REQUESTING PAGE: GET /about with {} and HTTP headers {"HTTP_REFERER"=>"/"}
D, [2014-08-10T15:15:02.016536 #12204] DEBUG -- : REQUESTING PAGE: GET /help with {} and HTTP headers {"HTTP_REFERER"=>"/about"}
D, [2014-08-10T15:15:02.033547 #12204] DEBUG -- : REQUESTING PAGE: GET /contact with {} and HTTP headers {"HTTP_REFERER"=>"/help"}
D, [2014-08-10T15:15:10.386432 #11284] DEBUG -- : REQUESTING PAGE: GET / with {} and HTTP headers {}
D, [2014-08-10T15:15:10.424456 #11284] DEBUG -- : REQUESTING PAGE: GET /about with {} and HTTP headers {"HTTP_REFERER"=>"/"}
D, [2014-08-10T15:15:10.443470 #11284] DEBUG -- : REQUESTING PAGE: GET /help with {} and HTTP headers {"HTTP_REFERER"=>"/about"}
D, [2014-08-10T15:15:10.462484 #11284] DEBUG -- : REQUESTING PAGE: GET /contact with {} and HTTP headers {"HTTP_REFERER"=>"/help"}
D, [2014-08-10T15:15:18.855394 #7580] DEBUG -- : REQUESTING PAGE: GET / with {} and HTTP headers {}
D, [2014-08-10T15:15:18.873408 #7580] DEBUG -- : REQUESTING PAGE: GET /about with {} and HTTP headers {"HTTP_REFERER"=>"/"}
D, [2014-08-10T15:15:18.893421 #7580] DEBUG -- : REQUESTING PAGE: GET /help with {} and HTTP headers {"HTTP_REFERER"=>"/about"}
D, [2014-08-10T15:15:18.928445 #7580] DEBUG -- : REQUESTING PAGE: GET /contact with {} and HTTP headers {"HTTP_REFERER"=>"/help"}
D, [2014-08-10T15:15:27.195267 #11992] DEBUG -- : REQUESTING PAGE: GET / with {} and HTTP headers {}
D, [2014-08-10T15:15:27.210278 #11992] DEBUG -- : REQUESTING PAGE: GET /about with {} and HTTP headers {"HTTP_REFERER"=>"/"}
D, [2014-08-10T15:15:27.226290 #11992] DEBUG -- : REQUESTING PAGE: GET /help with {} and HTTP headers {"HTTP_REFERER"=>"/about"}
D, [2014-08-10T15:15:27.260314 #11992] DEBUG -- : REQUESTING PAGE: GET /contact with {} and HTTP headers {"HTTP_REFERER"=>"/help"}
D, [2014-08-10T15:15:35.368038 #688] DEBUG -- : REQUESTING PAGE: GET / with {} and HTTP headers {}
D, [2014-08-10T15:15:35.453084 #688] DEBUG -- : REQUESTING PAGE: GET /about with {} and HTTP headers {"HTTP_REFERER"=>"/"}
D, [2014-08-10T15:15:35.470096 #688] DEBUG -- : REQUESTING PAGE: GET /help with {} and HTTP headers {"HTTP_REFERER"=>"/about"}
D, [2014-08-10T15:15:35.487108 #688] DEBUG -- : REQUESTING PAGE: GET /contact with {} and HTTP headers {"HTTP_REFERER"=>"/help"}
D, [2014-08-10T15:18:23.888712 #11324] DEBUG -- : REQUESTING PAGE: GET / with {} and HTTP headers {}
D, [2014-08-10T15:18:23.905723 #11324] DEBUG -- : REQUESTING PAGE: GET /about with {} and HTTP headers {"HTTP_REFERER"=>"/"}
D, [2014-08-10T15:18:23.922736 #11324] DEBUG -- : REQUESTING PAGE: GET /help with {} and HTTP headers {"HTTP_REFERER"=>"/about"}
D, [2014-08-10T15:18:23.957760 #11324] DEBUG -- : REQUESTING PAGE: GET /contact with {} and HTTP headers {"HTTP_REFERER"=>"/help"}
D, [2014-08-10T15:18:23.973771 #11324] DEBUG -- : REQUESTING PAGE: GET / with {} and HTTP headers {"HTTP_REFERER"=>"/contact"}
D, [2014-08-10T15:19:47.558833 #11860] DEBUG -- : REQUESTING PAGE: GET / with {} and HTTP headers {}
D, [2014-08-10T15:19:47.593858 #11860] DEBUG -- : REQUESTING PAGE: GET /about with {} and HTTP headers {"HTTP_REFERER"=>"/"}
D, [2014-08-10T15:19:47.608868 #11860] DEBUG -- : REQUESTING PAGE: GET /help with {} and HTTP headers {"HTTP_REFERER"=>"/about"}
D, [2014-08-10T15:19:47.625879 #11860] DEBUG -- : REQUESTING PAGE: GET /contact with {} and HTTP headers {"HTTP_REFERER"=>"/help"}
D, [2014-08-10T15:19:47.640891 #11860] DEBUG -- : REQUESTING PAGE: GET / with {} and HTTP headers {"HTTP_REFERER"=>"/contact"}
D, [2014-08-10T15:19:47.674915 #11860] DEBUG -- : REQUESTING PAGE: GET /signup with {} and HTTP headers {"HTTP_REFERER"=>"/"}
D, [2014-08-10T15:20:19.077037 #7272] DEBUG -- : REQUESTING PAGE: GET / with {} and HTTP headers {}
D, [2014-08-10T15:20:19.159082 #7272] DEBUG -- : REQUESTING PAGE: GET /about with {} and HTTP headers {"HTTP_REFERER"=>"/"}
D, [2014-08-10T15:20:19.175094 #7272] DEBUG -- : REQUESTING PAGE: GET /help with {} and HTTP headers {"HTTP_REFERER"=>"/about"}
D, [2014-08-10T15:20:19.192105 #7272] DEBUG -- : REQUESTING PAGE: GET /contact with {} and HTTP headers {"HTTP_REFERER"=>"/help"}
D, [2014-08-10T15:20:19.227130 #7272] DEBUG -- : REQUESTING PAGE: GET / with {} and HTTP headers {"HTTP_REFERER"=>"/contact"}
D, [2014-08-10T15:20:19.242140 #7272] DEBUG -- : REQUESTING PAGE: GET /signup with {} and HTTP headers {"HTTP_REFERER"=>"/"}
D, [2014-08-10T15:20:19.261153 #7272] DEBUG -- : REQUESTING PAGE: GET / with {} and HTTP headers {"HTTP_REFERER"=>"/signup"}
D, [2014-08-10T15:20:38.260619 #7680] DEBUG -- : REQUESTING PAGE: GET / with {} and HTTP headers {}
D, [2014-08-10T15:20:38.275630 #7680] DEBUG -- : REQUESTING PAGE: GET /about with {} and HTTP headers {"HTTP_REFERER"=>"/"}
D, [2014-08-10T15:20:38.291642 #7680] DEBUG -- : REQUESTING PAGE: GET /help with {} and HTTP headers {"HTTP_REFERER"=>"/about"}
D, [2014-08-10T15:20:38.326667 #7680] DEBUG -- : REQUESTING PAGE: GET /contact with {} and HTTP headers {"HTTP_REFERER"=>"/help"}
D, [2014-08-10T15:20:38.342677 #7680] DEBUG -- : REQUESTING PAGE: GET / with {} and HTTP headers {"HTTP_REFERER"=>"/contact"}
D, [2014-08-10T15:20:38.357688 #7680] DEBUG -- : REQUESTING PAGE: GET /signup with {} and HTTP headers {"HTTP_REFERER"=>"/"}
D, [2014-08-10T15:20:46.630514 #9332] DEBUG -- : REQUESTING PAGE: GET / with {} and HTTP headers {}
D, [2014-08-10T15:20:46.645526 #9332] DEBUG -- : REQUESTING PAGE: GET /about with {} and HTTP headers {"HTTP_REFERER"=>"/"}
D, [2014-08-10T15:20:46.660536 #9332] DEBUG -- : REQUESTING PAGE: GET /help with {} and HTTP headers {"HTTP_REFERER"=>"/about"}
D, [2014-08-10T15:20:46.695573 #9332] DEBUG -- : REQUESTING PAGE: GET /contact with {} and HTTP headers {"HTTP_REFERER"=>"/help"}
D, [2014-08-10T15:20:46.710571 #9332] DEBUG -- : REQUESTING PAGE: GET / with {} and HTTP headers {"HTTP_REFERER"=>"/contact"}
D, [2014-08-10T15:20:46.726583 #9332] DEBUG -- : REQUESTING PAGE: GET /signup with {} and HTTP headers {"HTTP_REFERER"=>"/"}
D, [2014-08-10T15:20:55.211559 #12200] DEBUG -- : REQUESTING PAGE: GET / with {} and HTTP headers {}
D, [2014-08-10T15:20:55.229570 #12200] DEBUG -- : REQUESTING PAGE: GET /about with {} and HTTP headers {"HTTP_REFERER"=>"/"}
D, [2014-08-10T15:20:55.249585 #12200] DEBUG -- : REQUESTING PAGE: GET /help with {} and HTTP headers {"HTTP_REFERER"=>"/about"}
D, [2014-08-10T15:20:55.287624 #12200] DEBUG -- : REQUESTING PAGE: GET /contact with {} and HTTP headers {"HTTP_REFERER"=>"/help"}
D, [2014-08-10T15:20:55.304636 #12200] DEBUG -- : REQUESTING PAGE: GET / with {} and HTTP headers {"HTTP_REFERER"=>"/contact"}
D, [2014-08-10T15:20:55.320648 #12200] DEBUG -- : REQUESTING PAGE: GET /signup with {} and HTTP headers {"HTTP_REFERER"=>"/"}
D, [2014-08-11T18:02:05.057671 #4836] DEBUG -- : REQUESTING PAGE: GET / with {} and HTTP headers {}
D, [2014-08-11T18:02:05.110708 #4836] DEBUG -- : REQUESTING PAGE: GET /about with {} and HTTP headers {"HTTP_REFERER"=>"/"}
D, [2014-08-11T18:02:05.144732 #4836] DEBUG -- : REQUESTING PAGE: GET /help with {} and HTTP headers {"HTTP_REFERER"=>"/about"}
D, [2014-08-11T18:02:05.159744 #4836] DEBUG -- : REQUESTING PAGE: GET /contact with {} and HTTP headers {"HTTP_REFERER"=>"/help"}
D, [2014-08-11T18:02:05.175754 #4836] DEBUG -- : REQUESTING PAGE: GET / with {} and HTTP headers {"HTTP_REFERER"=>"/contact"}
D, [2014-08-11T18:02:05.209778 #4836] DEBUG -- : REQUESTING PAGE: GET /signup with {} and HTTP headers {"HTTP_REFERER"=>"/"}
D, [2014-08-11T18:04:48.826096 #672] DEBUG -- : REQUESTING PAGE: GET / with {} and HTTP headers {}
D, [2014-08-11T18:04:48.841107 #672] DEBUG -- : REQUESTING PAGE: GET /about with {} and HTTP headers {"HTTP_REFERER"=>"/"}
D, [2014-08-11T18:04:48.856116 #672] DEBUG -- : REQUESTING PAGE: GET /help with {} and HTTP headers {"HTTP_REFERER"=>"/about"}
D, [2014-08-11T18:04:48.892142 #672] DEBUG -- : REQUESTING PAGE: GET /contact with {} and HTTP headers {"HTTP_REFERER"=>"/help"}
D, [2014-08-11T18:04:48.908153 #672] DEBUG -- : REQUESTING PAGE: GET / with {} and HTTP headers {"HTTP_REFERER"=>"/contact"}
D, [2014-08-11T18:04:48.923166 #672] DEBUG -- : REQUESTING PAGE: GET /signup with {} and HTTP headers {"HTTP_REFERER"=>"/"}
D, [2014-08-11T18:51:37.437501 #10400] DEBUG -- : REQUESTING PAGE: GET / with {} and HTTP headers {}
D, [2014-08-11T18:51:37.452520 #10400] DEBUG -- : REQUESTING PAGE: GET /about with {} and HTTP headers {"HTTP_REFERER"=>"/"}
D, [2014-08-11T18:51:37.477530 #10400] DEBUG -- : REQUESTING PAGE: GET /help with {} and HTTP headers {"HTTP_REFERER"=>"/about"}
D, [2014-08-11T18:51:37.493554 #10400] DEBUG -- : REQUESTING PAGE: GET /contact with {} and HTTP headers {"HTTP_REFERER"=>"/help"}
D, [2014-08-11T18:51:37.526564 #10400] DEBUG -- : REQUESTING PAGE: GET / with {} and HTTP headers {"HTTP_REFERER"=>"/contact"}
D, [2014-08-11T18:51:37.542590 #10400] DEBUG -- : REQUESTING PAGE: GET /signup with {} and HTTP headers {"HTTP_REFERER"=>"/"}
D, [2014-08-11T18:53:10.577261 #9376] DEBUG -- : REQUESTING PAGE: GET / with {} and HTTP headers {}
D, [2014-08-11T18:53:10.610284 #9376] DEBUG -- : REQUESTING PAGE: GET /about with {} and HTTP headers {"HTTP_REFERER"=>"/"}
D, [2014-08-11T18:53:10.651314 #9376] DEBUG -- : REQUESTING PAGE: GET /help with {} and HTTP headers {"HTTP_REFERER"=>"/about"}
D, [2014-08-11T18:53:10.669326 #9376] DEBUG -- : REQUESTING PAGE: GET /contact with {} and HTTP headers {"HTTP_REFERER"=>"/help"}
D, [2014-08-11T18:53:10.684337 #9376] DEBUG -- : REQUESTING PAGE: GET / with {} and HTTP headers {"HTTP_REFERER"=>"/contact"}
D, [2014-08-11T18:53:10.702350 #9376] DEBUG -- : REQUESTING PAGE: GET /signup with {} and HTTP headers {"HTTP_REFERER"=>"/"}
D, [2014-08-11T19:04:30.952809 #10648] DEBUG -- : REQUESTING PAGE: GET / with {} and HTTP headers {}
D, [2014-08-11T19:04:30.968821 #10648] DEBUG -- : REQUESTING PAGE: GET /about with {} and HTTP headers {"HTTP_REFERER"=>"/"}
D, [2014-08-11T19:04:30.984832 #10648] DEBUG -- : REQUESTING PAGE: GET /help with {} and HTTP headers {"HTTP_REFERER"=>"/about"}
D, [2014-08-11T19:04:31.000844 #10648] DEBUG -- : REQUESTING PAGE: GET /contact with {} and HTTP headers {"HTTP_REFERER"=>"/help"}
D, [2014-08-11T19:04:31.038870 #10648] DEBUG -- : REQUESTING PAGE: GET / with {} and HTTP headers {"HTTP_REFERER"=>"/contact"}
D, [2014-08-11T19:04:31.055883 #10648] DEBUG -- : REQUESTING PAGE: GET /signup with {} and HTTP headers {"HTTP_REFERER"=>"/"}
D, [2014-08-11T20:09:50.059682 #7276] DEBUG -- : REQUESTING PAGE: GET / with {} and HTTP headers {}
D, [2014-08-11T20:09:50.095706 #7276] DEBUG -- : REQUESTING PAGE: GET /about with {} and HTTP headers {"HTTP_REFERER"=>"/"}
D, [2014-08-11T20:09:50.112718 #7276] DEBUG -- : REQUESTING PAGE: GET /help with {} and HTTP headers {"HTTP_REFERER"=>"/about"}
D, [2014-08-11T20:09:50.151746 #7276] DEBUG -- : REQUESTING PAGE: GET /contact with {} and HTTP headers {"HTTP_REFERER"=>"/help"}
D, [2014-08-11T20:09:50.169758 #7276] DEBUG -- : REQUESTING PAGE: GET / with {} and HTTP headers {"HTTP_REFERER"=>"/contact"}
D, [2014-08-11T20:09:50.185770 #7276] DEBUG -- : REQUESTING PAGE: GET /signup with {} and HTTP headers {"HTTP_REFERER"=>"/"}
D, [2014-08-11T20:11:09.714546 #11924] DEBUG -- : REQUESTING PAGE: GET / with {} and HTTP headers {}
D, [2014-08-11T20:11:09.729557 #11924] DEBUG -- : REQUESTING PAGE: GET /about with {} and HTTP headers {"HTTP_REFERER"=>"/"}
D, [2014-08-11T20:11:09.745569 #11924] DEBUG -- : REQUESTING PAGE: GET /help with {} and HTTP headers {"HTTP_REFERER"=>"/about"}
D, [2014-08-11T20:11:09.763581 #11924] DEBUG -- : REQUESTING PAGE: GET /contact with {} and HTTP headers {"HTTP_REFERER"=>"/help"}
D, [2014-08-11T20:11:09.800606 #11924] DEBUG -- : REQUESTING PAGE: GET / with {} and HTTP headers {"HTTP_REFERER"=>"/contact"}
D, [2014-08-11T20:11:09.818619 #11924] DEBUG -- : REQUESTING PAGE: GET /signup with {} and HTTP headers {"HTTP_REFERER"=>"/"}
D, [2014-08-11T20:52:57.381907 #10224] DEBUG -- : REQUESTING PAGE: GET / with {} and HTTP headers {}
D, [2014-08-11T20:52:57.397918 #10224] DEBUG -- : REQUESTING PAGE: GET /about with {} and HTTP headers {"HTTP_REFERER"=>"/"}
D, [2014-08-11T20:52:57.415931 #10224] DEBUG -- : REQUESTING PAGE: GET /help with {} and HTTP headers {"HTTP_REFERER"=>"/about"}
D, [2014-08-11T20:52:57.455959 #10224] DEBUG -- : REQUESTING PAGE: GET /contact with {} and HTTP headers {"HTTP_REFERER"=>"/help"}
D, [2014-08-11T20:52:57.471970 #10224] DEBUG -- : REQUESTING PAGE: GET / with {} and HTTP headers {"HTTP_REFERER"=>"/contact"}
D, [2014-08-11T20:52:57.487982 #10224] DEBUG -- : REQUESTING PAGE: GET /signup with {} and HTTP headers {"HTTP_REFERER"=>"/"}
D, [2014-08-11T20:54:31.048501 #10684] DEBUG -- : REQUESTING PAGE: GET / with {} and HTTP headers {}
D, [2014-08-11T20:54:31.085528 #10684] DEBUG -- : REQUESTING PAGE: GET /about with {} and HTTP headers {"HTTP_REFERER"=>"/"}
D, [2014-08-11T20:54:31.102539 #10684] DEBUG -- : REQUESTING PAGE: GET /help with {} and HTTP headers {"HTTP_REFERER"=>"/about"}
D, [2014-08-11T20:54:31.122554 #10684] DEBUG -- : REQUESTING PAGE: GET /contact with {} and HTTP headers {"HTTP_REFERER"=>"/help"}
D, [2014-08-11T20:54:31.140566 #10684] DEBUG -- : REQUESTING PAGE: GET / with {} and HTTP headers {"HTTP_REFERER"=>"/contact"}
D, [2014-08-11T20:54:31.176591 #10684] DEBUG -- : REQUESTING PAGE: GET /signup with {} and HTTP headers {"HTTP_REFERER"=>"/"}
D, [2014-08-11T21:07:45.278198 #9560] DEBUG -- : REQUESTING PAGE: GET / with {} and HTTP headers {}
D, [2014-08-11T21:07:45.295211 #9560] DEBUG -- : REQUESTING PAGE: GET /about with {} and HTTP headers {"HTTP_REFERER"=>"/"}
D, [2014-08-11T21:07:45.313225 #9560] DEBUG -- : REQUESTING PAGE: GET /help with {} and HTTP headers {"HTTP_REFERER"=>"/about"}
D, [2014-08-11T21:07:45.356253 #9560] DEBUG -- : REQUESTING PAGE: GET /contact with {} and HTTP headers {"HTTP_REFERER"=>"/help"}
D, [2014-08-11T21:07:45.372280 #9560] DEBUG -- : REQUESTING PAGE: GET / with {} and HTTP headers {"HTTP_REFERER"=>"/contact"}
D, [2014-08-11T21:07:45.388276 #9560] DEBUG -- : REQUESTING PAGE: GET /signup with {} and HTTP headers {"HTTP_REFERER"=>"/"}
D, [2014-08-11T21:18:13.977634 #6068] DEBUG -- : REQUESTING PAGE: GET / with {} and HTTP headers {}
D, [2014-08-11T21:18:14.033673 #6068] DEBUG -- : REQUESTING PAGE: GET /about with {} and HTTP headers {"HTTP_REFERER"=>"/"}
D, [2014-08-11T21:18:14.049697 #6068] DEBUG -- : REQUESTING PAGE: GET /help with {} and HTTP headers {"HTTP_REFERER"=>"/about"}
D, [2014-08-11T21:18:14.066696 #6068] DEBUG -- : REQUESTING PAGE: GET /contact with {} and HTTP headers {"HTTP_REFERER"=>"/help"}
D, [2014-08-11T21:18:14.100720 #6068] DEBUG -- : REQUESTING PAGE: GET / with {} and HTTP headers {"HTTP_REFERER"=>"/contact"}
D, [2014-08-11T21:18:14.116745 #6068] DEBUG -- : REQUESTING PAGE: GET /signup with {} and HTTP headers {"HTTP_REFERER"=>"/"}
D, [2014-08-12T00:18:48.222006 #7980] DEBUG -- : REQUESTING PAGE: GET / with {} and HTTP headers {}
D, [2014-08-12T00:18:48.257030 #7980] DEBUG -- : REQUESTING PAGE: GET /about with {} and HTTP headers {"HTTP_REFERER"=>"/"}
D, [2014-08-12T00:18:48.275045 #7980] DEBUG -- : REQUESTING PAGE: GET /help with {} and HTTP headers {"HTTP_REFERER"=>"/about"}
D, [2014-08-12T00:18:48.314073 #7980] DEBUG -- : REQUESTING PAGE: GET /contact with {} and HTTP headers {"HTTP_REFERER"=>"/help"}
D, [2014-08-12T00:18:48.384125 #7980] DEBUG -- : REQUESTING PAGE: GET / with {} and HTTP headers {"HTTP_REFERER"=>"/contact"}
D, [2014-08-12T00:18:48.408151 #7980] DEBUG -- : REQUESTING PAGE: GET /signup with {} and HTTP headers {"HTTP_REFERER"=>"/"}
D, [2014-08-12T00:36:39.343158 #5140] DEBUG -- : REQUESTING PAGE: GET / with {} and HTTP headers {}
D, [2014-08-12T00:36:39.358155 #5140] DEBUG -- : REQUESTING PAGE: GET /about with {} and HTTP headers {"HTTP_REFERER"=>"/"}
D, [2014-08-12T00:36:39.393180 #5140] DEBUG -- : REQUESTING PAGE: GET /help with {} and HTTP headers {"HTTP_REFERER"=>"/about"}
D, [2014-08-12T00:36:39.408191 #5140] DEBUG -- : REQUESTING PAGE: GET /contact with {} and HTTP headers {"HTTP_REFERER"=>"/help"}
D, [2014-08-12T00:36:39.425203 #5140] DEBUG -- : REQUESTING PAGE: GET / with {} and HTTP headers {"HTTP_REFERER"=>"/contact"}
D, [2014-08-12T00:36:39.461227 #5140] DEBUG -- : REQUESTING PAGE: GET /signup with {} and HTTP headers {"HTTP_REFERER"=>"/"}
D, [2014-08-12T09:52:23.071281 #4908] DEBUG -- : REQUESTING PAGE: GET / with {} and HTTP headers {}
D, [2014-08-12T09:52:23.086283 #4908] DEBUG -- : REQUESTING PAGE: GET /about with {} and HTTP headers {"HTTP_REFERER"=>"/"}
D, [2014-08-12T09:52:23.101292 #4908] DEBUG -- : REQUESTING PAGE: GET /help with {} and HTTP headers {"HTTP_REFERER"=>"/about"}
D, [2014-08-12T09:52:23.137318 #4908] DEBUG -- : REQUESTING PAGE: GET /contact with {} and HTTP headers {"HTTP_REFERER"=>"/help"}
D, [2014-08-12T09:52:23.153328 #4908] DEBUG -- : REQUESTING PAGE: GET / with {} and HTTP headers {"HTTP_REFERER"=>"/contact"}
D, [2014-08-12T09:52:23.168341 #4908] DEBUG -- : REQUESTING PAGE: GET /signup with {} and HTTP headers {"HTTP_REFERER"=>"/"}
D, [2014-08-12T10:27:34.050626 #11400] DEBUG -- : REQUESTING PAGE: GET / with {} and HTTP headers {}
D, [2014-08-12T10:27:34.086651 #11400] DEBUG -- : REQUESTING PAGE: GET /about with {} and HTTP headers {"HTTP_REFERER"=>"/"}
D, [2014-08-12T10:27:34.102663 #11400] DEBUG -- : REQUESTING PAGE: GET /help with {} and HTTP headers {"HTTP_REFERER"=>"/about"}
D, [2014-08-12T10:27:34.117673 #11400] DEBUG -- : REQUESTING PAGE: GET /contact with {} and HTTP headers {"HTTP_REFERER"=>"/help"}
D, [2014-08-12T10:27:34.154701 #11400] DEBUG -- : REQUESTING PAGE: GET / with {} and HTTP headers {"HTTP_REFERER"=>"/contact"}
D, [2014-08-12T10:27:34.171711 #11400] DEBUG -- : REQUESTING PAGE: GET /signup with {} and HTTP headers {"HTTP_REFERER"=>"/"}
D, [2014-08-12T10:44:06.404888 #10112] DEBUG -- : REQUESTING PAGE: GET / with {} and HTTP headers {}
D, [2014-08-12T10:44:06.436911 #10112] DEBUG -- : REQUESTING PAGE: GET /about with {} and HTTP headers {"HTTP_REFERER"=>"/"}
D, [2014-08-12T10:44:06.469934 #10112] DEBUG -- : REQUESTING PAGE: GET /help with {} and HTTP headers {"HTTP_REFERER"=>"/about"}
D, [2014-08-12T10:44:06.485947 #10112] DEBUG -- : REQUESTING PAGE: GET /contact with {} and HTTP headers {"HTTP_REFERER"=>"/help"}
D, [2014-08-12T10:44:06.500956 #10112] DEBUG -- : REQUESTING PAGE: GET / with {} and HTTP headers {"HTTP_REFERER"=>"/contact"}
D, [2014-08-12T10:44:06.535994 #10112] DEBUG -- : REQUESTING PAGE: GET /signup with {} and HTTP headers {"HTTP_REFERER"=>"/"}
D, [2014-08-12T11:21:57.217501 #11088] DEBUG -- : REQUESTING PAGE: GET / with {} and HTTP headers {}
D, [2014-08-12T11:21:57.253539 #11088] DEBUG -- : REQUESTING PAGE: GET /about with {} and HTTP headers {"HTTP_REFERER"=>"/"}
D, [2014-08-12T11:21:57.270538 #11088] DEBUG -- : REQUESTING PAGE: GET /help with {} and HTTP headers {"HTTP_REFERER"=>"/about"}
D, [2014-08-12T11:21:57.286551 #11088] DEBUG -- : REQUESTING PAGE: GET /contact with {} and HTTP headers {"HTTP_REFERER"=>"/help"}
D, [2014-08-12T11:21:57.304562 #11088] DEBUG -- : REQUESTING PAGE: GET / with {} and HTTP headers {"HTTP_REFERER"=>"/contact"}
D, [2014-08-12T11:21:57.341588 #11088] DEBUG -- : REQUESTING PAGE: GET /signup with {} and HTTP headers {"HTTP_REFERER"=>"/"}
D, [2014-08-12T11:22:40.857445 #9512] DEBUG -- : REQUESTING PAGE: GET / with {} and HTTP headers {}
D, [2014-08-12T11:22:40.872442 #9512] DEBUG -- : REQUESTING PAGE: GET /about with {} and HTTP headers {"HTTP_REFERER"=>"/"}
D, [2014-08-12T11:22:40.909468 #9512] DEBUG -- : REQUESTING PAGE: GET /help with {} and HTTP headers {"HTTP_REFERER"=>"/about"}
D, [2014-08-12T11:22:40.925493 #9512] DEBUG -- : REQUESTING PAGE: GET /contact with {} and HTTP headers {"HTTP_REFERER"=>"/help"}
D, [2014-08-12T11:22:40.941491 #9512] DEBUG -- : REQUESTING PAGE: GET / with {} and HTTP headers {"HTTP_REFERER"=>"/contact"}
D, [2014-08-12T11:22:40.957503 #9512] DEBUG -- : REQUESTING PAGE: GET /signup with {} and HTTP headers {"HTTP_REFERER"=>"/"}
D, [2014-08-12T11:53:47.530295 #11620] DEBUG -- : REQUESTING PAGE: GET / with {} and HTTP headers {}
D, [2014-08-12T11:53:47.548308 #11620] DEBUG -- : REQUESTING PAGE: GET /about with {} and HTTP headers {"HTTP_REFERER"=>"/"}
D, [2014-08-12T11:53:47.584333 #11620] DEBUG -- : REQUESTING PAGE: GET /help with {} and HTTP headers {"HTTP_REFERER"=>"/about"}
D, [2014-08-12T11:53:47.600344 #11620] DEBUG -- : REQUESTING PAGE: GET /contact with {} and HTTP headers {"HTTP_REFERER"=>"/help"}
D, [2014-08-12T11:53:47.616355 #11620] DEBUG -- : REQUESTING PAGE: GET / with {} and HTTP headers {"HTTP_REFERER"=>"/contact"}
D, [2014-08-12T11:53:47.632366 #11620] DEBUG -- : REQUESTING PAGE: GET /signup with {} and HTTP headers {"HTTP_REFERER"=>"/"}
D, [2014-08-12T12:27:32.213773 #4680] DEBUG -- : REQUESTING PAGE: GET / with {} and HTTP headers {}
D, [2014-08-12T12:27:32.249797 #4680] DEBUG -- : REQUESTING PAGE: GET /about with {} and HTTP headers {"HTTP_REFERER"=>"/"}
D, [2014-08-12T12:27:32.290828 #4680] DEBUG -- : REQUESTING PAGE: GET /help with {} and HTTP headers {"HTTP_REFERER"=>"/about"}
D, [2014-08-12T12:27:32.362878 #4680] DEBUG -- : REQUESTING PAGE: GET /contact with {} and HTTP headers {"HTTP_REFERER"=>"/help"}
D, [2014-08-12T12:27:32.406910 #4680] DEBUG -- : REQUESTING PAGE: GET / with {} and HTTP headers {"HTTP_REFERER"=>"/contact"}
D, [2014-08-12T12:27:32.433928 #4680] DEBUG -- : REQUESTING PAGE: GET /signup with {} and HTTP headers {"HTTP_REFERER"=>"/"}
D, [2014-08-12T12:30:22.147615 #10136] DEBUG -- : REQUESTING PAGE: GET / with {} and HTTP headers {}
D, [2014-08-12T12:30:22.162611 #10136] DEBUG -- : REQUESTING PAGE: GET /about with {} and HTTP headers {"HTTP_REFERER"=>"/"}
D, [2014-08-12T12:30:22.198639 #10136] DEBUG -- : REQUESTING PAGE: GET /help with {} and HTTP headers {"HTTP_REFERER"=>"/about"}
D, [2014-08-12T12:30:22.215662 #10136] DEBUG -- : REQUESTING PAGE: GET /contact with {} and HTTP headers {"HTTP_REFERER"=>"/help"}
D, [2014-08-12T12:30:22.230661 #10136] DEBUG -- : REQUESTING PAGE: GET / with {} and HTTP headers {"HTTP_REFERER"=>"/contact"}
D, [2014-08-12T12:30:22.247673 #10136] DEBUG -- : REQUESTING PAGE: GET /signup with {} and HTTP headers {"HTTP_REFERER"=>"/"}
D, [2014-08-12T12:52:33.441204 #10476] DEBUG -- : REQUESTING PAGE: GET / with {} and HTTP headers {}
D, [2014-08-12T12:52:33.478232 #10476] DEBUG -- : REQUESTING PAGE: GET /about with {} and HTTP headers {"HTTP_REFERER"=>"/"}
D, [2014-08-12T12:52:33.502249 #10476] DEBUG -- : REQUESTING PAGE: GET /help with {} and HTTP headers {"HTTP_REFERER"=>"/about"}
D, [2014-08-12T12:52:33.520273 #10476] DEBUG -- : REQUESTING PAGE: GET /contact with {} and HTTP headers {"HTTP_REFERER"=>"/help"}
D, [2014-08-12T12:52:33.577299 #10476] DEBUG -- : REQUESTING PAGE: GET / with {} and HTTP headers {"HTTP_REFERER"=>"/contact"}
D, [2014-08-12T12:52:33.599329 #10476] DEBUG -- : REQUESTING PAGE: GET /signup with {} and HTTP headers {"HTTP_REFERER"=>"/"}
D, [2014-08-12T12:55:00.636441 #4940] DEBUG -- : REQUESTING PAGE: GET / with {} and HTTP headers {}
D, [2014-08-12T12:55:00.715497 #4940] DEBUG -- : REQUESTING PAGE: GET /about with {} and HTTP headers {"HTTP_REFERER"=>"/"}
D, [2014-08-12T12:55:00.730508 #4940] DEBUG -- : REQUESTING PAGE: GET /help with {} and HTTP headers {"HTTP_REFERER"=>"/about"}
D, [2014-08-12T12:55:00.767552 #4940] DEBUG -- : REQUESTING PAGE: GET /contact with {} and HTTP headers {"HTTP_REFERER"=>"/help"}
D, [2014-08-12T12:55:00.806566 #4940] DEBUG -- : REQUESTING PAGE: GET / with {} and HTTP headers {"HTTP_REFERER"=>"/contact"}
D, [2014-08-12T12:55:00.844589 #4940] DEBUG -- : REQUESTING PAGE: GET /signup with {} and HTTP headers {"HTTP_REFERER"=>"/"}
D, [2014-08-12T13:25:09.366726 #8064] DEBUG -- : REQUESTING PAGE: GET / with {} and HTTP headers {}
D, [2014-08-12T13:25:09.383739 #8064] DEBUG -- : REQUESTING PAGE: GET /about with {} and HTTP headers {"HTTP_REFERER"=>"/"}
D, [2014-08-12T13:25:09.401750 #8064] DEBUG -- : REQUESTING PAGE: GET /help with {} and HTTP headers {"HTTP_REFERER"=>"/about"}
D, [2014-08-12T13:25:09.417761 #8064] DEBUG -- : REQUESTING PAGE: GET /contact with {} and HTTP headers {"HTTP_REFERER"=>"/help"}
D, [2014-08-12T13:25:09.453790 #8064] DEBUG -- : REQUESTING PAGE: GET / with {} and HTTP headers {"HTTP_REFERER"=>"/contact"}
D, [2014-08-12T13:25:09.469800 #8064] DEBUG -- : REQUESTING PAGE: GET /signup with {} and HTTP headers {"HTTP_REFERER"=>"/"}
D, [2014-08-12T13:38:42.702916 #11536] DEBUG -- : REQUESTING PAGE: GET / with {} and HTTP headers {}
D, [2014-08-12T13:38:42.719927 #11536] DEBUG -- : REQUESTING PAGE: GET /about with {} and HTTP headers {"HTTP_REFERER"=>"/"}
D, [2014-08-12T13:38:42.736939 #11536] DEBUG -- : REQUESTING PAGE: GET /help with {} and HTTP headers {"HTTP_REFERER"=>"/about"}
D, [2014-08-12T13:38:42.756955 #11536] DEBUG -- : REQUESTING PAGE: GET /contact with {} and HTTP headers {"HTTP_REFERER"=>"/help"}
D, [2014-08-12T13:38:42.798982 #11536] DEBUG -- : REQUESTING PAGE: GET / with {} and HTTP headers {"HTTP_REFERER"=>"/contact"}
D, [2014-08-12T13:38:42.814994 #11536] DEBUG -- : REQUESTING PAGE: GET /signup with {} and HTTP headers {"HTTP_REFERER"=>"/"}
D, [2014-08-12T13:45:00.476589 #3604] DEBUG -- : REQUESTING PAGE: GET / with {} and HTTP headers {}
D, [2014-08-12T13:45:00.514616 #3604] DEBUG -- : REQUESTING PAGE: GET /about with {} and HTTP headers {"HTTP_REFERER"=>"/"}
D, [2014-08-12T13:45:00.531628 #3604] DEBUG -- : REQUESTING PAGE: GET /help with {} and HTTP headers {"HTTP_REFERER"=>"/about"}
D, [2014-08-12T13:45:00.553643 #3604] DEBUG -- : REQUESTING PAGE: GET /contact with {} and HTTP headers {"HTTP_REFERER"=>"/help"}
D, [2014-08-12T13:45:00.592671 #3604] DEBUG -- : REQUESTING PAGE: GET / with {} and HTTP headers {"HTTP_REFERER"=>"/contact"}
D, [2014-08-12T13:45:00.611685 #3604] DEBUG -- : REQUESTING PAGE: GET /signup with {} and HTTP headers {"HTTP_REFERER"=>"/"}
D, [2014-08-12T13:47:24.308515 #3860] DEBUG -- : REQUESTING PAGE: GET / with {} and HTTP headers {}
D, [2014-08-12T13:47:24.325528 #3860] DEBUG -- : REQUESTING PAGE: GET /about with {} and HTTP headers {"HTTP_REFERER"=>"/"}
D, [2014-08-12T13:47:24.370560 #3860] DEBUG -- : REQUESTING PAGE: GET /help with {} and HTTP headers {"HTTP_REFERER"=>"/about"}
D, [2014-08-12T13:47:24.389571 #3860] DEBUG -- : REQUESTING PAGE: GET /contact with {} and HTTP headers {"HTTP_REFERER"=>"/help"}
D, [2014-08-12T13:47:24.410589 #3860] DEBUG -- : REQUESTING PAGE: GET / with {} and HTTP headers {"HTTP_REFERER"=>"/contact"}
D, [2014-08-12T13:47:24.426598 #3860] DEBUG -- : REQUESTING PAGE: GET /signup with {} and HTTP headers {"HTTP_REFERER"=>"/"}
D, [2014-08-12T13:52:56.466824 #6164] DEBUG -- : REQUESTING PAGE: GET / with {} and HTTP headers {}
D, [2014-08-12T13:52:56.482835 #6164] DEBUG -- : REQUESTING PAGE: GET /about with {} and HTTP headers {"HTTP_REFERER"=>"/"}
D, [2014-08-12T13:52:56.501848 #6164] DEBUG -- : REQUESTING PAGE: GET /help with {} and HTTP headers {"HTTP_REFERER"=>"/about"}
D, [2014-08-12T13:52:56.546881 #6164] DEBUG -- : REQUESTING PAGE: GET /contact with {} and HTTP headers {"HTTP_REFERER"=>"/help"}
D, [2014-08-12T13:52:56.564893 #6164] DEBUG -- : REQUESTING PAGE: GET / with {} and HTTP headers {"HTTP_REFERER"=>"/contact"}
D, [2014-08-12T13:52:56.581906 #6164] DEBUG -- : REQUESTING PAGE: GET /signup with {} and HTTP headers {"HTTP_REFERER"=>"/"}
D, [2014-08-12T13:54:38.331424 #3152] DEBUG -- : REQUESTING PAGE: GET / with {} and HTTP headers {}
D, [2014-08-12T13:54:38.351437 #3152] DEBUG -- : REQUESTING PAGE: GET /about with {} and HTTP headers {"HTTP_REFERER"=>"/"}
D, [2014-08-12T13:54:38.401472 #3152] DEBUG -- : REQUESTING PAGE: GET /help with {} and HTTP headers {"HTTP_REFERER"=>"/about"}
D, [2014-08-12T13:54:38.423489 #3152] DEBUG -- : REQUESTING PAGE: GET /contact with {} and HTTP headers {"HTTP_REFERER"=>"/help"}
D, [2014-08-12T13:54:38.447505 #3152] DEBUG -- : REQUESTING PAGE: GET / with {} and HTTP headers {"HTTP_REFERER"=>"/contact"}
D, [2014-08-12T13:54:38.492537 #3152] DEBUG -- : REQUESTING PAGE: GET /signup with {} and HTTP headers {"HTTP_REFERER"=>"/"}
D, [2014-08-12T14:06:18.368960 #11580] DEBUG -- : REQUESTING PAGE: GET / with {} and HTTP headers {}
D, [2014-08-12T14:06:18.385970 #11580] DEBUG -- : REQUESTING PAGE: GET /about with {} and HTTP headers {"HTTP_REFERER"=>"/"}
D, [2014-08-12T14:06:18.402982 #11580] DEBUG -- : REQUESTING PAGE: GET /help with {} and HTTP headers {"HTTP_REFERER"=>"/about"}
D, [2014-08-12T14:06:18.441009 #11580] DEBUG -- : REQUESTING PAGE: GET /contact with {} and HTTP headers {"HTTP_REFERER"=>"/help"}
D, [2014-08-12T14:06:18.459022 #11580] DEBUG -- : REQUESTING PAGE: GET / with {} and HTTP headers {"HTTP_REFERER"=>"/contact"}
D, [2014-08-12T14:06:18.476034 #11580] DEBUG -- : REQUESTING PAGE: GET /signup with {} and HTTP headers {"HTTP_REFERER"=>"/"}
D, [2014-08-12T14:07:05.954109 #11628] DEBUG -- : REQUESTING PAGE: GET / with {} and HTTP headers {}
D, [2014-08-12T14:07:05.992136 #11628] DEBUG -- : REQUESTING PAGE: GET /about with {} and HTTP headers {"HTTP_REFERER"=>"/"}
D, [2014-08-12T14:07:06.039168 #11628] DEBUG -- : REQUESTING PAGE: GET /help with {} and HTTP headers {"HTTP_REFERER"=>"/about"}
D, [2014-08-12T14:07:06.059182 #11628] DEBUG -- : REQUESTING PAGE: GET /contact with {} and HTTP headers {"HTTP_REFERER"=>"/help"}
D, [2014-08-12T14:07:06.077195 #11628] DEBUG -- : REQUESTING PAGE: GET / with {} and HTTP headers {"HTTP_REFERER"=>"/contact"}
D, [2014-08-12T14:07:06.095208 #11628] DEBUG -- : REQUESTING PAGE: GET /signup with {} and HTTP headers {"HTTP_REFERER"=>"/"}
D, [2014-08-12T14:08:29.222267 #10300] DEBUG -- : REQUESTING PAGE: GET / with {} and HTTP headers {}
D, [2014-08-12T14:08:29.240279 #10300] DEBUG -- : REQUESTING PAGE: GET /about with {} and HTTP headers {"HTTP_REFERER"=>"/"}
D, [2014-08-12T14:08:29.259293 #10300] DEBUG -- : REQUESTING PAGE: GET /help with {} and HTTP headers {"HTTP_REFERER"=>"/about"}
D, [2014-08-12T14:08:29.277306 #10300] DEBUG -- : REQUESTING PAGE: GET /contact with {} and HTTP headers {"HTTP_REFERER"=>"/help"}
D, [2014-08-12T14:08:29.317346 #10300] DEBUG -- : REQUESTING PAGE: GET / with {} and HTTP headers {"HTTP_REFERER"=>"/contact"}
D, [2014-08-12T14:08:29.333354 #10300] DEBUG -- : REQUESTING PAGE: GET /signup with {} and HTTP headers {"HTTP_REFERER"=>"/"}
D, [2014-08-12T14:39:11.147990 #8920] DEBUG -- : REQUESTING PAGE: GET / with {} and HTTP headers {}
D, [2014-08-12T14:39:11.183015 #8920] DEBUG -- : REQUESTING PAGE: GET /about with {} and HTTP headers {"HTTP_REFERER"=>"/"}
D, [2014-08-12T14:39:11.200028 #8920] DEBUG -- : REQUESTING PAGE: GET /help with {} and HTTP headers {"HTTP_REFERER"=>"/about"}
D, [2014-08-12T14:39:11.218040 #8920] DEBUG -- : REQUESTING PAGE: GET /contact with {} and HTTP headers {"HTTP_REFERER"=>"/help"}
D, [2014-08-12T14:39:11.235052 #8920] DEBUG -- : REQUESTING PAGE: GET / with {} and HTTP headers {"HTTP_REFERER"=>"/contact"}
D, [2014-08-12T14:39:11.271092 #8920] DEBUG -- : REQUESTING PAGE: GET /signup with {} and HTTP headers {"HTTP_REFERER"=>"/"}
D, [2014-08-12T15:26:41.613482 #9300] DEBUG -- : REQUESTING PAGE: GET / with {} and HTTP headers {}
D, [2014-08-12T15:26:41.646519 #9300] DEBUG -- : REQUESTING PAGE: GET /about with {} and HTTP headers {"HTTP_REFERER"=>"/"}
D, [2014-08-12T15:26:41.662529 #9300] DEBUG -- : REQUESTING PAGE: GET /help with {} and HTTP headers {"HTTP_REFERER"=>"/about"}
D, [2014-08-12T15:26:41.677527 #9300] DEBUG -- : REQUESTING PAGE: GET /contact with {} and HTTP headers {"HTTP_REFERER"=>"/help"}
D, [2014-08-12T15:26:41.710551 #9300] DEBUG -- : REQUESTING PAGE: GET / with {} and HTTP headers {"HTTP_REFERER"=>"/contact"}
D, [2014-08-12T15:26:41.726574 #9300] DEBUG -- : REQUESTING PAGE: GET /signup with {} and HTTP headers {"HTTP_REFERER"=>"/"}
D, [2014-08-12T15:36:43.088905 #10328] DEBUG -- : REQUESTING PAGE: GET / with {} and HTTP headers {}
D, [2014-08-12T15:36:43.104916 #10328] DEBUG -- : REQUESTING PAGE: GET /about with {} and HTTP headers {"HTTP_REFERER"=>"/"}
D, [2014-08-12T15:36:43.121927 #10328] DEBUG -- : REQUESTING PAGE: GET /help with {} and HTTP headers {"HTTP_REFERER"=>"/about"}
D, [2014-08-12T15:36:43.162967 #10328] DEBUG -- : REQUESTING PAGE: GET /contact with {} and HTTP headers {"HTTP_REFERER"=>"/help"}
D, [2014-08-12T15:36:43.180969 #10328] DEBUG -- : REQUESTING PAGE: GET / with {} and HTTP headers {"HTTP_REFERER"=>"/contact"}
D, [2014-08-12T15:36:43.199984 #10328] DEBUG -- : REQUESTING PAGE: GET /signup with {} and HTTP headers {"HTTP_REFERER"=>"/"}
D, [2014-08-12T15:41:17.012415 #7648] DEBUG -- : REQUESTING PAGE: GET / with {} and HTTP headers {}
D, [2014-08-12T15:41:17.027411 #7648] DEBUG -- : REQUESTING PAGE: GET /about with {} and HTTP headers {"HTTP_REFERER"=>"/"}
D, [2014-08-12T15:41:17.047427 #7648] DEBUG -- : REQUESTING PAGE: GET /help with {} and HTTP headers {"HTTP_REFERER"=>"/about"}
D, [2014-08-12T15:41:17.064450 #7648] DEBUG -- : REQUESTING PAGE: GET /contact with {} and HTTP headers {"HTTP_REFERER"=>"/help"}
D, [2014-08-12T15:41:17.101476 #7648] DEBUG -- : REQUESTING PAGE: GET / with {} and HTTP headers {"HTTP_REFERER"=>"/contact"}
D, [2014-08-12T15:41:17.117488 #7648] DEBUG -- : REQUESTING PAGE: GET /signup with {} and HTTP headers {"HTTP_REFERER"=>"/"}
D, [2014-08-12T15:43:07.127721 #8076] DEBUG -- : REQUESTING PAGE: GET / with {} and HTTP headers {}
D, [2014-08-12T15:43:07.167750 #8076] DEBUG -- : REQUESTING PAGE: GET /about with {} and HTTP headers {"HTTP_REFERER"=>"/"}
D, [2014-08-12T15:43:07.185763 #8076] DEBUG -- : REQUESTING PAGE: GET /help with {} and HTTP headers {"HTTP_REFERER"=>"/about"}
D, [2014-08-12T15:43:07.203776 #8076] DEBUG -- : REQUESTING PAGE: GET /contact with {} and HTTP headers {"HTTP_REFERER"=>"/help"}
D, [2014-08-12T15:43:07.247819 #8076] DEBUG -- : REQUESTING PAGE: GET / with {} and HTTP headers {"HTTP_REFERER"=>"/contact"}
D, [2014-08-12T15:43:07.264818 #8076] DEBUG -- : REQUESTING PAGE: GET /signup with {} and HTTP headers {"HTTP_REFERER"=>"/"}
D, [2014-08-12T15:55:34.226498 #8748] DEBUG -- : REQUESTING PAGE: GET / with {} and HTTP headers {}
D, [2014-08-12T15:55:34.242509 #8748] DEBUG -- : REQUESTING PAGE: GET /about with {} and HTTP headers {"HTTP_REFERER"=>"/"}
D, [2014-08-12T15:55:34.279535 #8748] DEBUG -- : REQUESTING PAGE: GET /help with {} and HTTP headers {"HTTP_REFERER"=>"/about"}
D, [2014-08-12T15:55:34.301554 #8748] DEBUG -- : REQUESTING PAGE: GET /contact with {} and HTTP headers {"HTTP_REFERER"=>"/help"}
D, [2014-08-12T15:55:34.318562 #8748] DEBUG -- : REQUESTING PAGE: GET / with {} and HTTP headers {"HTTP_REFERER"=>"/contact"}
D, [2014-08-12T15:55:34.334574 #8748] DEBUG -- : REQUESTING PAGE: GET /signup with {} and HTTP headers {"HTTP_REFERER"=>"/"}
D, [2014-08-12T16:10:42.885648 #4940] DEBUG -- : REQUESTING PAGE: GET / with {} and HTTP headers {}
D, [2014-08-12T16:10:42.902660 #4940] DEBUG -- : REQUESTING PAGE: GET /about with {} and HTTP headers {"HTTP_REFERER"=>"/"}
D, [2014-08-12T16:10:42.941690 #4940] DEBUG -- : REQUESTING PAGE: GET /help with {} and HTTP headers {"HTTP_REFERER"=>"/about"}
D, [2014-08-12T16:10:42.958701 #4940] DEBUG -- : REQUESTING PAGE: GET /contact with {} and HTTP headers {"HTTP_REFERER"=>"/help"}
D, [2014-08-12T16:10:42.974712 #4940] DEBUG -- : REQUESTING PAGE: GET / with {} and HTTP headers {"HTTP_REFERER"=>"/contact"}
D, [2014-08-12T16:10:42.990723 #4940] DEBUG -- : REQUESTING PAGE: GET /signup with {} and HTTP headers {"HTTP_REFERER"=>"/"}
D, [2014-08-12T16:15:13.776345 #5416] DEBUG -- : REQUESTING PAGE: GET / with {} and HTTP headers {}
D, [2014-08-12T16:15:13.792357 #5416] DEBUG -- : REQUESTING PAGE: GET /about with {} and HTTP headers {"HTTP_REFERER"=>"/"}
D, [2014-08-12T16:15:13.808369 #5416] DEBUG -- : REQUESTING PAGE: GET /help with {} and HTTP headers {"HTTP_REFERER"=>"/about"}
D, [2014-08-12T16:15:13.826381 #5416] DEBUG -- : REQUESTING PAGE: GET /contact with {} and HTTP headers {"HTTP_REFERER"=>"/help"}
D, [2014-08-12T16:15:13.875415 #5416] DEBUG -- : REQUESTING PAGE: GET / with {} and HTTP headers {"HTTP_REFERER"=>"/contact"}
D, [2014-08-12T16:15:13.891427 #5416] DEBUG -- : REQUESTING PAGE: GET /signup with {} and HTTP headers {"HTTP_REFERER"=>"/"}
D, [2014-08-12T16:26:21.569438 #9680] DEBUG -- : REQUESTING PAGE: GET / with {} and HTTP headers {}
D, [2014-08-12T16:26:21.587452 #9680] DEBUG -- : REQUESTING PAGE: GET /about with {} and HTTP headers {"HTTP_REFERER"=>"/"}
D, [2014-08-12T16:26:21.605482 #9680] DEBUG -- : REQUESTING PAGE: GET /help with {} and HTTP headers {"HTTP_REFERER"=>"/about"}
D, [2014-08-12T16:26:21.644493 #9680] DEBUG -- : REQUESTING PAGE: GET /contact with {} and HTTP headers {"HTTP_REFERER"=>"/help"}
D, [2014-08-12T16:26:21.661513 #9680] DEBUG -- : REQUESTING PAGE: GET / with {} and HTTP headers {"HTTP_REFERER"=>"/contact"}
D, [2014-08-12T16:26:21.678515 #9680] DEBUG -- : REQUESTING PAGE: GET /signup with {} and HTTP headers {"HTTP_REFERER"=>"/"}
D, [2014-08-12T17:10:24.615800 #11228] DEBUG -- : REQUESTING PAGE: GET / with {} and HTTP headers {}
D, [2014-08-12T17:10:24.631812 #11228] DEBUG -- : REQUESTING PAGE: GET /about with {} and HTTP headers {"HTTP_REFERER"=>"/"}
D, [2014-08-12T17:10:24.649824 #11228] DEBUG -- : REQUESTING PAGE: GET /help with {} and HTTP headers {"HTTP_REFERER"=>"/about"}
D, [2014-08-12T17:10:24.689852 #11228] DEBUG -- : REQUESTING PAGE: GET /contact with {} and HTTP headers {"HTTP_REFERER"=>"/help"}
D, [2014-08-12T17:10:24.710867 #11228] DEBUG -- : REQUESTING PAGE: GET / with {} and HTTP headers {"HTTP_REFERER"=>"/contact"}
D, [2014-08-12T17:10:24.729881 #11228] DEBUG -- : REQUESTING PAGE: GET /signup with {} and HTTP headers {"HTTP_REFERER"=>"/"}
D, [2014-08-12T19:11:28.185142 #10540] DEBUG -- : REQUESTING PAGE: GET / with {} and HTTP headers {}
D, [2014-08-12T19:11:28.243184 #10540] DEBUG -- : REQUESTING PAGE: GET /about with {} and HTTP headers {"HTTP_REFERER"=>"/"}
D, [2014-08-12T19:11:28.260195 #10540] DEBUG -- : REQUESTING PAGE: GET /help with {} and HTTP headers {"HTTP_REFERER"=>"/about"}
D, [2014-08-12T19:11:28.276207 #10540] DEBUG -- : REQUESTING PAGE: GET /contact with {} and HTTP headers {"HTTP_REFERER"=>"/help"}
D, [2014-08-12T19:11:28.293219 #10540] DEBUG -- : REQUESTING PAGE: GET / with {} and HTTP headers {"HTTP_REFERER"=>"/contact"}
D, [2014-08-12T19:11:28.333248 #10540] DEBUG -- : REQUESTING PAGE: GET /signup with {} and HTTP headers {"HTTP_REFERER"=>"/"}
D, [2014-08-12T19:40:31.113912 #6704] DEBUG -- : REQUESTING PAGE: GET / with {} and HTTP headers {}
D, [2014-08-12T19:40:31.172953 #6704] DEBUG -- : REQUESTING PAGE: GET /about with {} and HTTP headers {"HTTP_REFERER"=>"/"}
D, [2014-08-12T19:40:31.191967 #6704] DEBUG -- : REQUESTING PAGE: GET /help with {} and HTTP headers {"HTTP_REFERER"=>"/about"}
D, [2014-08-12T19:40:31.231995 #6704] DEBUG -- : REQUESTING PAGE: GET /contact with {} and HTTP headers {"HTTP_REFERER"=>"/help"}
D, [2014-08-12T19:40:31.254011 #6704] DEBUG -- : REQUESTING PAGE: GET / with {} and HTTP headers {"HTTP_REFERER"=>"/contact"}
D, [2014-08-12T19:40:31.271023 #6704] DEBUG -- : REQUESTING PAGE: GET /signup with {} and HTTP headers {"HTTP_REFERER"=>"/"}
D, [2014-08-12T19:49:44.299716 #4940] DEBUG -- : REQUESTING PAGE: GET / with {} and HTTP headers {}
D, [2014-08-12T19:49:44.314726 #4940] DEBUG -- : REQUESTING PAGE: GET /about with {} and HTTP headers {"HTTP_REFERER"=>"/"}
D, [2014-08-12T19:49:44.352753 #4940] DEBUG -- : REQUESTING PAGE: GET /help with {} and HTTP headers {"HTTP_REFERER"=>"/about"}
D, [2014-08-12T19:49:44.371767 #4940] DEBUG -- : REQUESTING PAGE: GET /contact with {} and HTTP headers {"HTTP_REFERER"=>"/help"}
D, [2014-08-12T19:49:44.388780 #4940] DEBUG -- : REQUESTING PAGE: GET / with {} and HTTP headers {"HTTP_REFERER"=>"/contact"}
D, [2014-08-12T19:49:44.405791 #4940] DEBUG -- : REQUESTING PAGE: GET /signup with {} and HTTP headers {"HTTP_REFERER"=>"/"}
D, [2014-08-12T19:51:27.636758 #5464] DEBUG -- : REQUESTING PAGE: GET / with {} and HTTP headers {}
D, [2014-08-12T19:51:27.688795 #5464] DEBUG -- : REQUESTING PAGE: GET /about with {} and HTTP headers {"HTTP_REFERER"=>"/"}
D, [2014-08-12T19:51:27.728821 #5464] DEBUG -- : REQUESTING PAGE: GET /help with {} and HTTP headers {"HTTP_REFERER"=>"/about"}
D, [2014-08-12T19:51:27.826895 #5464] DEBUG -- : REQUESTING PAGE: GET /contact with {} and HTTP headers {"HTTP_REFERER"=>"/help"}
D, [2014-08-12T19:51:27.871922 #5464] DEBUG -- : REQUESTING PAGE: GET / with {} and HTTP headers {"HTTP_REFERER"=>"/contact"}
D, [2014-08-12T19:51:27.912954 #5464] DEBUG -- : REQUESTING PAGE: GET /signup with {} and HTTP headers {"HTTP_REFERER"=>"/"}
D, [2014-08-12T21:15:32.196545 #3604] DEBUG -- : REQUESTING PAGE: GET / with {} and HTTP headers {}
D, [2014-08-12T21:15:32.402680 #3604] DEBUG -- : REQUESTING PAGE: GET /about with {} and HTTP headers {"HTTP_REFERER"=>"/"}
D, [2014-08-12T21:15:32.422704 #3604] DEBUG -- : REQUESTING PAGE: GET /help with {} and HTTP headers {"HTTP_REFERER"=>"/about"}
D, [2014-08-12T21:15:32.440705 #3604] DEBUG -- : REQUESTING PAGE: GET /contact with {} and HTTP headers {"HTTP_REFERER"=>"/help"}
D, [2014-08-12T21:15:32.460720 #3604] DEBUG -- : REQUESTING PAGE: GET / with {} and HTTP headers {"HTTP_REFERER"=>"/contact"}
D, [2014-08-12T21:15:32.500747 #3604] DEBUG -- : REQUESTING PAGE: GET /signup with {} and HTTP headers {"HTTP_REFERER"=>"/"}
D, [2014-08-12T21:57:44.321882 #3956] DEBUG -- : REQUESTING PAGE: GET / with {} and HTTP headers {}
D, [2014-08-12T21:57:44.351904 #3956] DEBUG -- : REQUESTING PAGE: GET /about with {} and HTTP headers {"HTTP_REFERER"=>"/"}
D, [2014-08-12T21:57:44.373920 #3956] DEBUG -- : REQUESTING PAGE: GET /help with {} and HTTP headers {"HTTP_REFERER"=>"/about"}
D, [2014-08-12T21:57:44.390931 #3956] DEBUG -- : REQUESTING PAGE: GET /contact with {} and HTTP headers {"HTTP_REFERER"=>"/help"}
D, [2014-08-12T21:57:44.429959 #3956] DEBUG -- : REQUESTING PAGE: GET / with {} and HTTP headers {"HTTP_REFERER"=>"/contact"}
D, [2014-08-12T21:57:44.470992 #3956] DEBUG -- : REQUESTING PAGE: GET /signup with {} and HTTP headers {"HTTP_REFERER"=>"/"}
D, [2014-08-12T22:13:40.210367 #11520] DEBUG -- : REQUESTING PAGE: GET / with {} and HTTP headers {}
D, [2014-08-12T22:13:40.230380 #11520] DEBUG -- : REQUESTING PAGE: GET /about with {} and HTTP headers {"HTTP_REFERER"=>"/"}
D, [2014-08-12T22:13:40.249396 #11520] DEBUG -- : REQUESTING PAGE: GET /help with {} and HTTP headers {"HTTP_REFERER"=>"/about"}
D, [2014-08-12T22:13:40.266406 #11520] DEBUG -- : REQUESTING PAGE: GET /contact with {} and HTTP headers {"HTTP_REFERER"=>"/help"}
D, [2014-08-12T22:13:40.328452 #11520] DEBUG -- : REQUESTING PAGE: GET / with {} and HTTP headers {"HTTP_REFERER"=>"/contact"}
D, [2014-08-12T22:13:40.351468 #11520] DEBUG -- : REQUESTING PAGE: GET /signup with {} and HTTP headers {"HTTP_REFERER"=>"/"}
D, [2014-08-13T02:43:55.551871 #764] DEBUG -- : REQUESTING PAGE: GET / with {} and HTTP headers {}
D, [2014-08-13T02:43:55.591899 #764] DEBUG -- : REQUESTING PAGE: GET /about with {} and HTTP headers {"HTTP_REFERER"=>"/"}
D, [2014-08-13T02:43:55.638931 #764] DEBUG -- : REQUESTING PAGE: GET /help with {} and HTTP headers {"HTTP_REFERER"=>"/about"}
D, [2014-08-13T02:43:55.662949 #764] DEBUG -- : REQUESTING PAGE: GET /contact with {} and HTTP headers {"HTTP_REFERER"=>"/help"}
D, [2014-08-13T02:43:55.686966 #764] DEBUG -- : REQUESTING PAGE: GET / with {} and HTTP headers {"HTTP_REFERER"=>"/contact"}
D, [2014-08-13T02:43:55.707980 #764] DEBUG -- : REQUESTING PAGE: GET /signup with {} and HTTP headers {"HTTP_REFERER"=>"/"}
D, [2014-08-13T02:46:44.512045 #8284] DEBUG -- : REQUESTING PAGE: GET / with {} and HTTP headers {}
D, [2014-08-13T02:46:44.647139 #8284] DEBUG -- : REQUESTING PAGE: GET /about with {} and HTTP headers {"HTTP_REFERER"=>"/"}
D, [2014-08-13T02:46:44.670156 #8284] DEBUG -- : REQUESTING PAGE: GET /help with {} and HTTP headers {"HTTP_REFERER"=>"/about"}
D, [2014-08-13T02:46:44.693173 #8284] DEBUG -- : REQUESTING PAGE: GET /contact with {} and HTTP headers {"HTTP_REFERER"=>"/help"}
D, [2014-08-13T02:46:44.738204 #8284] DEBUG -- : REQUESTING PAGE: GET / with {} and HTTP headers {"HTTP_REFERER"=>"/contact"}
D, [2014-08-13T02:46:44.761221 #8284] DEBUG -- : REQUESTING PAGE: GET /signup with {} and HTTP headers {"HTTP_REFERER"=>"/"}
D, [2014-08-13T02:54:53.369231 #2608] DEBUG -- : REQUESTING PAGE: GET / with {} and HTTP headers {}
D, [2014-08-13T02:54:53.414262 #2608] DEBUG -- : REQUESTING PAGE: GET /about with {} and HTTP headers {"HTTP_REFERER"=>"/"}
D, [2014-08-13T02:54:53.436277 #2608] DEBUG -- : REQUESTING PAGE: GET /help with {} and HTTP headers {"HTTP_REFERER"=>"/about"}
D, [2014-08-13T02:54:53.480309 #2608] DEBUG -- : REQUESTING PAGE: GET /contact with {} and HTTP headers {"HTTP_REFERER"=>"/help"}
D, [2014-08-13T02:54:53.501323 #2608] DEBUG -- : REQUESTING PAGE: GET / with {} and HTTP headers {"HTTP_REFERER"=>"/contact"}
D, [2014-08-13T02:54:53.522336 #2608] DEBUG -- : REQUESTING PAGE: GET /signup with {} and HTTP headers {"HTTP_REFERER"=>"/"}
D, [2014-08-13T02:55:05.236599 #5740] DEBUG -- : REQUESTING PAGE: GET / with {} and HTTP headers {}
D, [2014-08-13T02:55:05.283632 #5740] DEBUG -- : REQUESTING PAGE: GET /about with {} and HTTP headers {"HTTP_REFERER"=>"/"}
D, [2014-08-13T02:55:05.305645 #5740] DEBUG -- : REQUESTING PAGE: GET /help with {} and HTTP headers {"HTTP_REFERER"=>"/about"}
D, [2014-08-13T02:55:05.327662 #5740] DEBUG -- : REQUESTING PAGE: GET /contact with {} and HTTP headers {"HTTP_REFERER"=>"/help"}
D, [2014-08-13T02:55:05.351678 #5740] DEBUG -- : REQUESTING PAGE: GET / with {} and HTTP headers {"HTTP_REFERER"=>"/contact"}
D, [2014-08-13T02:55:05.398712 #5740] DEBUG -- : REQUESTING PAGE: GET /signup with {} and HTTP headers {"HTTP_REFERER"=>"/"}
D, [2014-08-13T02:55:17.145994 #7472] DEBUG -- : REQUESTING PAGE: GET / with {} and HTTP headers {}
D, [2014-08-13T02:55:17.167010 #7472] DEBUG -- : REQUESTING PAGE: GET /about with {} and HTTP headers {"HTTP_REFERER"=>"/"}
D, [2014-08-13T02:55:17.188025 #7472] DEBUG -- : REQUESTING PAGE: GET /help with {} and HTTP headers {"HTTP_REFERER"=>"/about"}
D, [2014-08-13T02:55:17.210039 #7472] DEBUG -- : REQUESTING PAGE: GET /contact with {} and HTTP headers {"HTTP_REFERER"=>"/help"}
D, [2014-08-13T02:55:17.254071 #7472] DEBUG -- : REQUESTING PAGE: GET / with {} and HTTP headers {"HTTP_REFERER"=>"/contact"}
D, [2014-08-13T02:55:17.275087 #7472] DEBUG -- : REQUESTING PAGE: GET /signup with {} and HTTP headers {"HTTP_REFERER"=>"/"}
D, [2014-08-13T02:55:28.925300 #6424] DEBUG -- : REQUESTING PAGE: GET / with {} and HTTP headers {}
D, [2014-08-13T02:55:28.975336 #6424] DEBUG -- : REQUESTING PAGE: GET /about with {} and HTTP headers {"HTTP_REFERER"=>"/"}
D, [2014-08-13T02:55:29.000355 #6424] DEBUG -- : REQUESTING PAGE: GET /help with {} and HTTP headers {"HTTP_REFERER"=>"/about"}
D, [2014-08-13T02:55:29.023370 #6424] DEBUG -- : REQUESTING PAGE: GET /contact with {} and HTTP headers {"HTTP_REFERER"=>"/help"}
D, [2014-08-13T02:55:29.076407 #6424] DEBUG -- : REQUESTING PAGE: GET / with {} and HTTP headers {"HTTP_REFERER"=>"/contact"}
D, [2014-08-13T02:55:29.101425 #6424] DEBUG -- : REQUESTING PAGE: GET /signup with {} and HTTP headers {"HTTP_REFERER"=>"/"}
D, [2014-08-13T02:55:41.037841 #7684] DEBUG -- : REQUESTING PAGE: GET / with {} and HTTP headers {}
D, [2014-08-13T02:55:41.061858 #7684] DEBUG -- : REQUESTING PAGE: GET /about with {} and HTTP headers {"HTTP_REFERER"=>"/"}
D, [2014-08-13T02:55:41.084875 #7684] DEBUG -- : REQUESTING PAGE: GET /help with {} and HTTP headers {"HTTP_REFERER"=>"/about"}
D, [2014-08-13T02:55:41.105889 #7684] DEBUG -- : REQUESTING PAGE: GET /contact with {} and HTTP headers {"HTTP_REFERER"=>"/help"}
D, [2014-08-13T02:55:41.154924 #7684] DEBUG -- : REQUESTING PAGE: GET / with {} and HTTP headers {"HTTP_REFERER"=>"/contact"}
D, [2014-08-13T02:55:41.179943 #7684] DEBUG -- : REQUESTING PAGE: GET /signup with {} and HTTP headers {"HTTP_REFERER"=>"/"}
D, [2014-08-13T02:55:52.938232 #8664] DEBUG -- : REQUESTING PAGE: GET / with {} and HTTP headers {}
D, [2014-08-13T02:55:52.960249 #8664] DEBUG -- : REQUESTING PAGE: GET /about with {} and HTTP headers {"HTTP_REFERER"=>"/"}
D, [2014-08-13T02:55:52.982263 #8664] DEBUG -- : REQUESTING PAGE: GET /help with {} and HTTP headers {"HTTP_REFERER"=>"/about"}
D, [2014-08-13T02:55:53.026295 #8664] DEBUG -- : REQUESTING PAGE: GET /contact with {} and HTTP headers {"HTTP_REFERER"=>"/help"}
D, [2014-08-13T02:55:53.050312 #8664] DEBUG -- : REQUESTING PAGE: GET / with {} and HTTP headers {"HTTP_REFERER"=>"/contact"}
D, [2014-08-13T02:55:53.071327 #8664] DEBUG -- : REQUESTING PAGE: GET /signup with {} and HTTP headers {"HTTP_REFERER"=>"/"}
D, [2014-08-13T02:56:05.074791 #544] DEBUG -- : REQUESTING PAGE: GET / with {} and HTTP headers {}
D, [2014-08-13T02:56:05.097807 #544] DEBUG -- : REQUESTING PAGE: GET /about with {} and HTTP headers {"HTTP_REFERER"=>"/"}
D, [2014-08-13T02:56:05.142838 #544] DEBUG -- : REQUESTING PAGE: GET /help with {} and HTTP headers {"HTTP_REFERER"=>"/about"}
D, [2014-08-13T02:56:05.163853 #544] DEBUG -- : REQUESTING PAGE: GET /contact with {} and HTTP headers {"HTTP_REFERER"=>"/help"}
D, [2014-08-13T02:56:05.184868 #544] DEBUG -- : REQUESTING PAGE: GET / with {} and HTTP headers {"HTTP_REFERER"=>"/contact"}
D, [2014-08-13T02:56:05.209886 #544] DEBUG -- : REQUESTING PAGE: GET /signup with {} and HTTP headers {"HTTP_REFERER"=>"/"}
D, [2014-08-13T02:56:17.395478 #6424] DEBUG -- : REQUESTING PAGE: GET / with {} and HTTP headers {}
D, [2014-08-13T02:56:17.416493 #6424] DEBUG -- : REQUESTING PAGE: GET /about with {} and HTTP headers {"HTTP_REFERER"=>"/"}
D, [2014-08-13T02:56:17.437508 #6424] DEBUG -- : REQUESTING PAGE: GET /help with {} and HTTP headers {"HTTP_REFERER"=>"/about"}
D, [2014-08-13T02:56:17.459524 #6424] DEBUG -- : REQUESTING PAGE: GET /contact with {} and HTTP headers {"HTTP_REFERER"=>"/help"}
D, [2014-08-13T02:56:17.510559 #6424] DEBUG -- : REQUESTING PAGE: GET / with {} and HTTP headers {"HTTP_REFERER"=>"/contact"}
D, [2014-08-13T02:56:17.531575 #6424] DEBUG -- : REQUESTING PAGE: GET /signup with {} and HTTP headers {"HTTP_REFERER"=>"/"}
